<?xml version="1.0" encoding="UTF-8"?>
<!-- Generated by org.testng.reporters.JUnitReportReporter -->
<testsuite hostname="Girishs-MacBook-Air.local" failures="0" tests="5" name="parallel.TestNgRunner" time="209.958" errors="0" timestamp="19 Oct 2021 14:29:33 GMT" skipped="0">
  <testcase classname="parallel.TestNgRunner" name="runScenario" time="47.963"/>
  <testcase classname="parallel.TestNgRunner" name="runScenario" time="47.130"/>
  <testcase classname="parallel.TestNgRunner" name="runScenario" time="33.879"/>
  <testcase classname="parallel.TestNgRunner" name="runScenario" time="33.457"/>
  <testcase classname="parallel.TestNgRunner" name="runScenario" time="47.529"/>
</testsuite> <!-- parallel.TestNgRunner -->
